<?xml version="1.0" encoding="UTF-8"?>
<!-- Generated by org.testng.reporters.JUnitReportReporter -->
<testsuite hostname="DESKTOP-0TK5P9S" failures="0" tests="1" name="assignment.cucumberrunner.TestRunner" time="0.261" errors="0" timestamp="2021-04-29T11:33:57 CST" skipped="0">
  <testcase classname="assignment.cucumberrunner.TestRunner" name="feature" time="0.261"/>
  <system-out/>
</testsuite> <!-- assignment.cucumberrunner.TestRunner -->
