<?xml version="1.0" encoding="UTF-8"?>
<!-- Generated by org.testng.reporters.JUnitReportReporter -->
<testsuite hostname="DESKTOP-0TK5P9S" failures="0" tests="1" name="assignment.selenium.SeleniumTest6_7" time="2.734" errors="0" timestamp="2021-04-27T13:50:09 CST" skipped="0">
  <testcase classname="assignment.selenium.SeleniumTest6_7" name="test1_6" time="2.734"/>
  <system-out/>
</testsuite> <!-- assignment.selenium.SeleniumTest6_7 -->
