<?xml version="1.0" encoding="UTF-8"?>
<!-- Generated by org.testng.reporters.JUnitReportReporter -->
<testsuite hostname="DESKTOP-0TK5P9S" failures="0" tests="1" name="assignment.selenium.SeleniumTest" time="7.817" errors="0" timestamp="2021-04-27T11:34:02 CST" skipped="0">
  <testcase classname="assignment.selenium.SeleniumTest" name="test" time="7.817"/>
  <system-out/>
</testsuite> <!-- assignment.selenium.SeleniumTest -->
