<?xml version="1.0" encoding="UTF-8"?>
<!-- Generated by org.testng.reporters.JUnitReportReporter -->
<testsuite hostname="DESKTOP-0TK5P9S" failures="0" tests="6" name="assignment.selenium.SeleniumTest8_9" time="9.897" errors="0" timestamp="2021-04-27T14:05:49 CST" skipped="0">
  <testcase classname="assignment.selenium.SeleniumTest8_9" name="test8_9" time="0.548"/>
  <system-out/>
  <testcase classname="assignment.selenium.SeleniumTest8_9" name="test8_9" time="1.117"/>
  <system-out/>
  <testcase classname="assignment.selenium.SeleniumTest8_9" name="test8_9" time="1.109"/>
  <system-out/>
  <testcase classname="assignment.selenium.SeleniumTest8_9" name="test8_9" time="1.015"/>
  <system-out/>
  <testcase classname="assignment.selenium.SeleniumTest8_9" name="test8_9" time="3.946"/>
  <system-out/>
  <testcase classname="assignment.selenium.SeleniumTest8_9" name="test8_9" time="2.162"/>
  <system-out/>
</testsuite> <!-- assignment.selenium.SeleniumTest8_9 -->
