<?xml version="1.0" encoding="UTF-8"?>
<!-- Generated by org.testng.reporters.JUnitReportReporter -->
<testsuite hostname="DESKTOP-0TK5P9S" failures="0" tests="1" name="assignment.selenium.SeleniumTest1_5" time="7.546" errors="0" timestamp="2021-04-27T13:49:50 CST" skipped="0">
  <testcase classname="assignment.selenium.SeleniumTest1_5" name="test1_5" time="7.546"/>
  <system-out/>
</testsuite> <!-- assignment.selenium.SeleniumTest1_5 -->
