<?xml version="1.0" encoding="UTF-8"?>
<!-- Generated by org.testng.reporters.JUnitReportReporter -->
<testsuite hostname="DESKTOP-0TK5P9S" failures="0" tests="1" name="assignment.selenium.SeleniumTest13" time="17.032" errors="0" timestamp="2021-04-28T10:49:48 CST" skipped="0">
  <testcase classname="assignment.selenium.SeleniumTest13" name="test13" time="17.032"/>
  <system-out/>
</testsuite> <!-- assignment.selenium.SeleniumTest13 -->
